0 info it worked if it ends with ok
1 verbose cli [ '/usr/local/bin/node', '/usr/local/bin/npm', 'publish' ]
2 info using npm@4.1.2
3 info using node@v7.5.0
4 verbose publish [ '.' ]
5 silly cache add args [ '.', null ]
6 verbose cache add spec .
7 silly cache add parsed spec Result {
7 silly cache add   raw: '.',
7 silly cache add   scope: null,
7 silly cache add   escapedName: null,
7 silly cache add   name: null,
7 silly cache add   rawSpec: '.',
7 silly cache add   spec: '/home/god/js-client-boilderplate-nahid',
7 silly cache add   type: 'directory' }
8 verbose addLocalDirectory /home/god/.npm/js-client-boilderplate-nahid/0.0.2/package.tgz not in flight; packing
9 verbose correctMkdir /home/god/.npm correctMkdir not in flight; initializing
10 info lifecycle js-client-boilderplate-nahid@0.0.2~prepublish: js-client-boilderplate-nahid@0.0.2
11 silly lifecycle js-client-boilderplate-nahid@0.0.2~prepublish: no script for prepublish, continuing
12 info lifecycle js-client-boilderplate-nahid@0.0.2~prepare: js-client-boilderplate-nahid@0.0.2
13 silly lifecycle js-client-boilderplate-nahid@0.0.2~prepare: no script for prepare, continuing
14 verbose tar pack [ '/home/god/.npm/js-client-boilderplate-nahid/0.0.2/package.tgz',
14 verbose tar pack   '/home/god/js-client-boilderplate-nahid' ]
15 verbose tarball /home/god/.npm/js-client-boilderplate-nahid/0.0.2/package.tgz
16 verbose folder /home/god/js-client-boilderplate-nahid
17 verbose addLocalTarball adding from inside cache /home/god/.npm/js-client-boilderplate-nahid/0.0.2/package.tgz
18 verbose correctMkdir /home/god/.npm correctMkdir not in flight; initializing
19 silly cache afterAdd js-client-boilderplate-nahid@0.0.2
20 verbose afterAdd /home/god/.npm/js-client-boilderplate-nahid/0.0.2/package/package.json not in flight; writing
21 verbose correctMkdir /home/god/.npm correctMkdir not in flight; initializing
22 verbose afterAdd /home/god/.npm/js-client-boilderplate-nahid/0.0.2/package/package.json written
23 silly publish { name: 'js-client-boilderplate-nahid',
23 silly publish   version: '0.0.2',
23 silly publish   description: 'Basic browserify/babelify/uglify/scss boilerplate meant for quickly setting up straightforward UI projects.',
23 silly publish   main: 'index.js',
23 silly publish   author: { name: 'Nahid Akbar' },
23 silly publish   license: 'MIT',
23 silly publish   dependencies:
23 silly publish    { 'babel-polyfill': '^6.23.0',
23 silly publish      'babel-preset-latest': '^6.24.0',
23 silly publish      babelify: '^7.3.0',
23 silly publish      browserify: '^14.3.0',
23 silly publish      chokidar: '^1.6.1',
23 silly publish      d3: '^4.7.4',
23 silly publish      'd3-html': '^0.0.5',
23 silly publish      'fs-extra': '^2.1.2',
23 silly publish      'node-sass': '^4.5.2',
23 silly publish      uglifyify: '^3.0.4',
23 silly publish      watch: '^1.0.2',
23 silly publish      watchify: '^3.9.0',
23 silly publish      yargs: '^7.0.2' },
23 silly publish   readme: '# Basic JS (Browserify/Babelify/D3)/CSS(SCSS) Web Client Boilerplate Builder\n\nMeant for quickly setting up UI codebases for simple projects. Assumes nodejs > 7.0.\n\n<pre>\n"scripts": {\n  "builder": "node ./node_modules/js-client-boilderplate-nahid/index.js --base $PWD --dist dist --js js/index.js --scss scss/index.scss --static static --command",\n  "build": "npm run builder -- build",\n  "watch": "npm run builder -- watch",\n  "release": "npm run builder -- release"\n},\n</pre>\n\nHope to never spend another second screwing around with these tools for new projects.\n',
23 silly publish   readmeFilename: 'README.md',
23 silly publish   gitHead: '1f0c696061bbfdb0ef5add4a74a5fb271fd76373',
23 silly publish   _id: 'js-client-boilderplate-nahid@0.0.2',
23 silly publish   scripts: {},
23 silly publish   _shasum: '3dd0b6553a0e4578c0b1e23115cd14455661029c',
23 silly publish   _from: '.' }
24 info lifecycle js-client-boilderplate-nahid@0.0.2~prepublishOnly: js-client-boilderplate-nahid@0.0.2
25 silly lifecycle js-client-boilderplate-nahid@0.0.2~prepublishOnly: no script for prepublishOnly, continuing
26 verbose getPublishConfig undefined
27 silly mapToRegistry name js-client-boilderplate-nahid
28 silly mapToRegistry using default registry
29 silly mapToRegistry registry https://registry.npmjs.org/
30 silly mapToRegistry data Result {
30 silly mapToRegistry   raw: 'js-client-boilderplate-nahid',
30 silly mapToRegistry   scope: null,
30 silly mapToRegistry   escapedName: 'js-client-boilderplate-nahid',
30 silly mapToRegistry   name: 'js-client-boilderplate-nahid',
30 silly mapToRegistry   rawSpec: '',
30 silly mapToRegistry   spec: 'latest',
30 silly mapToRegistry   type: 'tag' }
31 silly mapToRegistry uri https://registry.npmjs.org/js-client-boilderplate-nahid
32 verbose publish registryBase https://registry.npmjs.org/
33 silly publish uploading /home/god/.npm/js-client-boilderplate-nahid/0.0.2/package.tgz
34 verbose request uri https://registry.npmjs.org/js-client-boilderplate-nahid
35 verbose request sending authorization for write operation
36 info attempt registry request try #1 at 12:37:59 AM
37 verbose request using bearer token for auth
38 verbose request id 8f7ac5426abe15d7
39 http request PUT https://registry.npmjs.org/js-client-boilderplate-nahid
40 http 403 https://registry.npmjs.org/js-client-boilderplate-nahid
41 verbose headers { 'content-type': 'application/json',
41 verbose headers   'cache-control': 'max-age=300',
41 verbose headers   'content-length': '95',
41 verbose headers   'accept-ranges': 'bytes',
41 verbose headers   date: 'Tue, 18 Apr 2017 14:37:58 GMT',
41 verbose headers   via: '1.1 varnish',
41 verbose headers   connection: 'keep-alive',
41 verbose headers   'x-served-by': 'cache-syd1627-SYD',
41 verbose headers   'x-cache': 'MISS',
41 verbose headers   'x-cache-hits': '0',
41 verbose headers   'x-timer': 'S1492526278.713332,VS0,VE749',
41 verbose headers   vary: 'Accept-Encoding' }
42 verbose request invalidating /home/god/.npm/registry.npmjs.org/js-client-boilderplate-nahid on PUT
43 error publish Failed PUT 403
44 verbose stack Error: "You cannot publish over the previously published version 0.0.2." : js-client-boilderplate-nahid
44 verbose stack     at makeError (/usr/local/lib/node_modules/npm/node_modules/npm-registry-client/lib/request.js:304:12)
44 verbose stack     at CachingRegistryClient.<anonymous> (/usr/local/lib/node_modules/npm/node_modules/npm-registry-client/lib/request.js:292:14)
44 verbose stack     at Request._callback (/usr/local/lib/node_modules/npm/node_modules/npm-registry-client/lib/request.js:212:14)
44 verbose stack     at Request.self.callback (/usr/local/lib/node_modules/npm/node_modules/request/request.js:186:22)
44 verbose stack     at emitTwo (events.js:106:13)
44 verbose stack     at Request.emit (events.js:192:7)
44 verbose stack     at Request.<anonymous> (/usr/local/lib/node_modules/npm/node_modules/request/request.js:1081:10)
44 verbose stack     at emitOne (events.js:96:13)
44 verbose stack     at Request.emit (events.js:189:7)
44 verbose stack     at IncomingMessage.<anonymous> (/usr/local/lib/node_modules/npm/node_modules/request/request.js:1001:12)
45 verbose statusCode 403
46 verbose pkgid js-client-boilderplate-nahid
47 verbose cwd /home/god/js-client-boilderplate-nahid
48 error Linux 4.4.0-72-generic
49 error argv "/usr/local/bin/node" "/usr/local/bin/npm" "publish"
50 error node v7.5.0
51 error npm  v4.1.2
52 error code E403
53 error "You cannot publish over the previously published version 0.0.2." : js-client-boilderplate-nahid
54 error If you need help, you may report this error at:
54 error     <https://github.com/npm/npm/issues>
55 verbose exit [ 1, true ]
